<?xml version="1.0" encoding="UTF-8"?>
<!-- Generated by org.testng.reporters.JUnitXMLReporter -->
<testsuite ignored="0" hostname="BRILAP1990" failures="0" tests="3" name="Test" time="127.882" errors="0" timestamp="09 Apr 2022 03:58:31 GMT">
  <testcase classname="script.ValidLogin_Test" name="testValidLogin" time="38.05"/>
  <testcase classname="script.InvalidLogin_Test" name="testInvalidLogin" time="20.729"/>
  <testcase classname="script.VerifyProductVersion_Test" name="testProductVerson" time="12.679"/>
</testsuite> <!-- Test -->
